2026-01-28 11:46:44 -  - exec CUpdateClientPartner::SearchModulesEx
2026-01-28 11:46:44 -  - exec CUpdateClientPartner::__CollectRequestData
2026-01-28 11:46:44 -  - utf=Y&lang=ru&stable=Y&CANGZIP=Y&SUPD_DBS=MYSQL&XE=N&CLIENT_SITE=skelet&LICENSE_KEY=X&SUPD_STS=1&SUPD_URS=0&TYPENC=D&CLIENT_PHPVER=8.1.9&NGINX=Y&dbv=8.0.30&instm=main%2C25.100.500%2CY%3Bb24connector%2C24.0.100%2CN%3Bbitrix.sitecorporate%2C24.0.0%2CN%3Bbitrixcloud%2C25.0.0%2CN%3Bblog%2C24.300.100%2CN%3Bclouds%2C25.100.0%2CN%3Bfileman%2C25.0.0%2CN%3Bform%2C25.0.0%2CN%3Bforum%2C25.200.0%2CN%3Bhighloadblock%2C24.100.0%2CN%3Biblock%2C25.0.100%2CN%3Blanding%2C24.800.300%2CN%3Blocation%2C25.100.0%2CN%3Bmessageservice%2C24.900.100%2CN%3Bmobileapp%2C24.200.0%2CN%3Bperfmon%2C24.200.0%2CN%3Bphotogallery%2C25.0.0%2CN%3Brest%2C25.300.100%2CN%3Bsearch%2C25.0.0%2CN%3Bsecurity%2C24.0.300%2CN%3Bseo%2C24.700.100%2CN%3Bsocialservices%2C24.200.100%2CN%3Bsubscribe%2C24.0.0%2CN%3Btranslate%2C25.0.0%2CN%3Bui%2C25.50.200%2CN%3Bvote%2C25.0.0%2CN&search_module_id=&search_module=&search_category=7%2C14&search_type=&search_order=DESC&search_order_by=SORT&search_page=1&SUPD_SRS=RU&SUPD_CMP=N
2026-01-28 11:46:44 -  - exec CUpdateClientPartner::GetHTTPPage
2026-01-28 11:46:45 -  - TIME SearchModulesEx(request) 0.833 sec
2026-01-28 11:46:45 -  - exec CUpdateClientPartner::ParseServerData
2026-01-28 13:58:17 -  - exec CUpdateClientPartner::__CollectRequestData
2026-01-28 13:58:17 -  - exec CUpdateClientPartner::GetHTTPPage
2026-01-28 13:58:18 -  - exec CUpdateClientPartner::ParseServerData
2026-01-28 13:58:18 -  - exec CUpdateClientPartner::GetUpdatesList
2026-01-28 13:58:18 -  - exec CUpdateClientPartner::__CollectRequestData
2026-01-28 13:58:18 -  - utf=Y&lang=ru&stable=Y&CANGZIP=Y&SUPD_DBS=MYSQL&XE=N&CLIENT_SITE=skelet&LICENSE_KEY=X&SUPD_STS=1&SUPD_URS=0&TYPENC=D&CLIENT_PHPVER=8.1.9&NGINX=Y&dbv=8.0.30&instm=main%2C25.100.500%2CY%3Bb24connector%2C24.0.100%2CN%3Bbitrix.sitecorporate%2C24.0.0%2CN%3Bbitrixcloud%2C25.0.0%2CN%3Bblog%2C24.300.100%2CN%3Bclouds%2C25.100.0%2CN%3Bfileman%2C25.0.0%2CN%3Bform%2C25.0.0%2CN%3Bforum%2C25.200.0%2CN%3Bhighloadblock%2C24.100.0%2CN%3Biblock%2C25.0.100%2CN%3Blanding%2C24.800.300%2CN%3Blocation%2C25.100.0%2CN%3Bmessageservice%2C24.900.100%2CN%3Bmobileapp%2C24.200.0%2CN%3Bperfmon%2C24.200.0%2CN%3Bphotogallery%2C25.0.0%2CN%3Brest%2C25.300.100%2CN%3Bsearch%2C25.0.0%2CN%3Bsecurity%2C24.0.300%2CN%3Bseo%2C24.700.100%2CN%3Bsocialservices%2C24.200.100%2CN%3Bsubscribe%2C24.0.0%2CN%3Btranslate%2C25.0.0%2CN%3Bui%2C25.50.200%2CN%3Bvote%2C25.0.0%2CN&reqm=bitrix.sitecorporate&fullmoduleinfo=Y&SUPD_SRS=RU&SUPD_CMP=N
2026-01-28 13:58:18 -  - exec CUpdateClientPartner::GetHTTPPage
2026-01-28 13:58:18 -  - TIME GetUpdatesList(request) 0.253 sec
2026-01-28 13:58:18 -  - exec CUpdateClientPartner::ParseServerData
2026-01-28 13:58:18 -  - exec CUpdateClientPartner::__CollectRequestData
2026-01-28 13:58:18 -  - exec CUpdateClientPartner::GetHTTPPage
2026-01-28 13:58:18 -  - exec CUpdateClientPartner::ParseServerData
2026-01-28 13:58:40 -  - exec CUpdateClientPartner::GetUpdatesList
2026-01-28 13:58:40 -  - exec CUpdateClientPartner::__CollectRequestData
2026-01-28 13:58:40 -  - utf=Y&lang=ru&stable=Y&CANGZIP=Y&SUPD_DBS=MYSQL&XE=N&CLIENT_SITE=skelet&LICENSE_KEY=X&SUPD_STS=1&SUPD_URS=0&TYPENC=D&CLIENT_PHPVER=8.1.9&NGINX=Y&dbv=8.0.30&instm=main%2C25.100.500%2CY%3Bb24connector%2C24.0.100%2CN%3Bbitrix.sitecorporate%2C24.0.0%2CN%3Bbitrixcloud%2C25.0.0%2CN%3Bblog%2C24.300.100%2CN%3Bclouds%2C25.100.0%2CN%3Bfileman%2C25.0.0%2CN%3Bform%2C25.0.0%2CN%3Bforum%2C25.200.0%2CN%3Bhighloadblock%2C24.100.0%2CN%3Biblock%2C25.0.100%2CN%3Blanding%2C24.800.300%2CN%3Blocation%2C25.100.0%2CN%3Bmessageservice%2C24.900.100%2CN%3Bmobileapp%2C24.200.0%2CN%3Bperfmon%2C24.200.0%2CN%3Bphotogallery%2C25.0.0%2CN%3Brest%2C25.300.100%2CN%3Bsearch%2C25.0.0%2CN%3Bsecurity%2C24.0.300%2CN%3Bseo%2C24.700.100%2CN%3Bsocialservices%2C24.200.100%2CN%3Bsubscribe%2C24.0.0%2CN%3Btranslate%2C25.0.0%2CN%3Bui%2C25.50.200%2CN%3Bvote%2C25.0.0%2CN&reqm=bitrix.sitecorporate&fullmoduleinfo=Y&SUPD_SRS=RU&SUPD_CMP=N
2026-01-28 13:58:40 -  - exec CUpdateClientPartner::GetHTTPPage
2026-01-28 13:58:41 -  - TIME GetUpdatesList(request) 0.265 sec
2026-01-28 13:58:41 -  - exec CUpdateClientPartner::ParseServerData
2026-01-28 13:58:47 -  - exec CUpdateClientPartner::GetUpdatesList
2026-01-28 13:58:47 -  - exec CUpdateClientPartner::__CollectRequestData
2026-01-28 13:58:47 -  - utf=Y&lang=ru&stable=Y&CANGZIP=Y&SUPD_DBS=MYSQL&XE=N&CLIENT_SITE=skelet&LICENSE_KEY=X&SUPD_STS=1&SUPD_URS=0&TYPENC=D&CLIENT_PHPVER=8.1.9&NGINX=Y&dbv=8.0.30&instm=main%2C25.100.500%2CY%3Bb24connector%2C24.0.100%2CN%3Bbitrix.sitecorporate%2C24.0.0%2CN%3Bbitrixcloud%2C25.0.0%2CN%3Bblog%2C24.300.100%2CN%3Bclouds%2C25.100.0%2CN%3Bfileman%2C25.0.0%2CN%3Bform%2C25.0.0%2CN%3Bforum%2C25.200.0%2CN%3Bhighloadblock%2C24.100.0%2CN%3Biblock%2C25.0.100%2CN%3Blanding%2C24.800.300%2CN%3Blocation%2C25.100.0%2CN%3Bmessageservice%2C24.900.100%2CN%3Bmobileapp%2C24.200.0%2CN%3Bperfmon%2C24.200.0%2CN%3Bphotogallery%2C25.0.0%2CN%3Brest%2C25.300.100%2CN%3Bsearch%2C25.0.0%2CN%3Bsecurity%2C24.0.300%2CN%3Bseo%2C24.700.100%2CN%3Bsocialservices%2C24.200.100%2CN%3Bsubscribe%2C24.0.0%2CN%3Btranslate%2C25.0.0%2CN%3Bui%2C25.50.200%2CN%3Bvote%2C25.0.0%2CN&reqm=bitrix.sitecorporate&SUPD_SRS=RU&SUPD_CMP=N
2026-01-28 13:58:47 -  - exec CUpdateClientPartner::GetHTTPPage
2026-01-28 13:58:47 -  - TIME GetUpdatesList(request) 0.255 sec
2026-01-28 13:58:47 -  - exec CUpdateClientPartner::ParseServerData
2026-01-28 14:07:33 -  - exec CUpdateClientPartner::GetUpdatesList
2026-01-28 14:07:33 -  - exec CUpdateClientPartner::__CollectRequestData
2026-01-28 14:07:33 -  - utf=Y&lang=ru&stable=Y&CANGZIP=Y&SUPD_DBS=MYSQL&XE=N&CLIENT_SITE=skelet&LICENSE_KEY=X&SUPD_STS=1&SUPD_URS=0&TYPENC=D&CLIENT_PHPVER=8.1.9&NGINX=Y&dbv=8.0.30&instm=main%2C25.100.500%2CY%3Bb24connector%2C24.0.100%2CN%3Bbitrix.sitecorporate%2C24.0.0%2CN%3Bbitrixcloud%2C25.0.0%2CN%3Bblog%2C24.300.100%2CN%3Bclouds%2C25.100.0%2CN%3Bfileman%2C25.0.0%2CN%3Bform%2C25.0.0%2CN%3Bforum%2C25.200.0%2CN%3Bhighloadblock%2C24.100.0%2CN%3Biblock%2C25.0.100%2CN%3Blanding%2C24.800.300%2CN%3Blocation%2C25.100.0%2CN%3Bmessageservice%2C24.900.100%2CN%3Bmobileapp%2C24.200.0%2CN%3Bperfmon%2C24.200.0%2CN%3Bphotogallery%2C25.0.0%2CN%3Brest%2C25.300.100%2CN%3Bsearch%2C25.0.0%2CN%3Bsecurity%2C24.0.300%2CN%3Bseo%2C24.700.100%2CN%3Bsocialservices%2C24.200.100%2CN%3Bsubscribe%2C24.0.0%2CN%3Btranslate%2C25.0.0%2CN%3Bui%2C25.50.200%2CN%3Bvote%2C25.0.0%2CN&reqm=bitrix.sitecorporate&fullmoduleinfo=Y&SUPD_SRS=RU&SUPD_CMP=N
2026-01-28 14:07:33 -  - exec CUpdateClientPartner::GetHTTPPage
2026-01-28 14:07:34 -  - TIME GetUpdatesList(request) 0.26 sec
2026-01-28 14:07:34 -  - exec CUpdateClientPartner::ParseServerData
2026-01-28 14:07:59 -  - exec CUpdateClientPartner::GetUpdatesList
2026-01-28 14:07:59 -  - exec CUpdateClientPartner::__CollectRequestData
2026-01-28 14:07:59 -  - utf=Y&lang=ru&stable=Y&CANGZIP=Y&SUPD_DBS=MYSQL&XE=N&CLIENT_SITE=skelet&LICENSE_KEY=X&SUPD_STS=1&SUPD_URS=0&TYPENC=D&CLIENT_PHPVER=8.1.9&NGINX=Y&dbv=8.0.30&instm=main%2C25.100.500%2CY%3Bb24connector%2C24.0.100%2CN%3Bbitrix.sitecorporate%2C24.0.0%2CN%3Bbitrixcloud%2C25.0.0%2CN%3Bblog%2C24.300.100%2CN%3Bclouds%2C25.100.0%2CN%3Bfileman%2C25.0.0%2CN%3Bform%2C25.0.0%2CN%3Bforum%2C25.200.0%2CN%3Bhighloadblock%2C24.100.0%2CN%3Biblock%2C25.0.100%2CN%3Blanding%2C24.800.300%2CN%3Blocation%2C25.100.0%2CN%3Bmessageservice%2C24.900.100%2CN%3Bmobileapp%2C24.200.0%2CN%3Bperfmon%2C24.200.0%2CN%3Bphotogallery%2C25.0.0%2CN%3Brest%2C25.300.100%2CN%3Bsearch%2C25.0.0%2CN%3Bsecurity%2C24.0.300%2CN%3Bseo%2C24.700.100%2CN%3Bsocialservices%2C24.200.100%2CN%3Bsubscribe%2C24.0.0%2CN%3Btranslate%2C25.0.0%2CN%3Bui%2C25.50.200%2CN%3Bvote%2C25.0.0%2CN&reqm=bitrix.sitecorporate&fullmoduleinfo=Y&SUPD_SRS=RU&SUPD_CMP=N
2026-01-28 14:07:59 -  - exec CUpdateClientPartner::GetHTTPPage
2026-01-28 14:07:59 -  - TIME GetUpdatesList(request) 0.247 sec
2026-01-28 14:07:59 -  - exec CUpdateClientPartner::ParseServerData
2026-01-28 14:08:03 -  - exec CUpdateClientPartner::GetUpdatesList
2026-01-28 14:08:03 -  - exec CUpdateClientPartner::__CollectRequestData
2026-01-28 14:08:03 -  - utf=Y&lang=ru&stable=Y&CANGZIP=Y&SUPD_DBS=MYSQL&XE=N&CLIENT_SITE=skelet&LICENSE_KEY=X&SUPD_STS=1&SUPD_URS=0&TYPENC=D&CLIENT_PHPVER=8.1.9&NGINX=Y&dbv=8.0.30&instm=main%2C25.100.500%2CY%3Bb24connector%2C24.0.100%2CN%3Bbitrix.sitecorporate%2C24.0.0%2CN%3Bbitrixcloud%2C25.0.0%2CN%3Bblog%2C24.300.100%2CN%3Bclouds%2C25.100.0%2CN%3Bfileman%2C25.0.0%2CN%3Bform%2C25.0.0%2CN%3Bforum%2C25.200.0%2CN%3Bhighloadblock%2C24.100.0%2CN%3Biblock%2C25.0.100%2CN%3Blanding%2C24.800.300%2CN%3Blocation%2C25.100.0%2CN%3Bmessageservice%2C24.900.100%2CN%3Bmobileapp%2C24.200.0%2CN%3Bperfmon%2C24.200.0%2CN%3Bphotogallery%2C25.0.0%2CN%3Brest%2C25.300.100%2CN%3Bsearch%2C25.0.0%2CN%3Bsecurity%2C24.0.300%2CN%3Bseo%2C24.700.100%2CN%3Bsocialservices%2C24.200.100%2CN%3Bsubscribe%2C24.0.0%2CN%3Btranslate%2C25.0.0%2CN%3Bui%2C25.50.200%2CN%3Bvote%2C25.0.0%2CN&reqm=bitrix.sitecorporate&fullmoduleinfo=Y&SUPD_SRS=RU&SUPD_CMP=N
2026-01-28 14:08:03 -  - exec CUpdateClientPartner::GetHTTPPage
2026-01-28 14:08:04 -  - TIME GetUpdatesList(request) 0.249 sec
2026-01-28 14:08:04 -  - exec CUpdateClientPartner::ParseServerData
2026-01-28 14:08:04 -  - exec CUpdateClientPartner::GetUpdatesList
2026-01-28 14:08:04 -  - exec CUpdateClientPartner::__CollectRequestData
2026-01-28 14:08:04 -  - utf=Y&lang=ru&stable=Y&CANGZIP=Y&SUPD_DBS=MYSQL&XE=N&CLIENT_SITE=skelet&LICENSE_KEY=X&SUPD_STS=1&SUPD_URS=0&TYPENC=D&CLIENT_PHPVER=8.1.9&NGINX=Y&dbv=8.0.30&instm=main%2C25.100.500%2CY%3Bb24connector%2C24.0.100%2CN%3Bbitrix.sitecorporate%2C24.0.0%2CN%3Bbitrixcloud%2C25.0.0%2CN%3Bblog%2C24.300.100%2CN%3Bclouds%2C25.100.0%2CN%3Bfileman%2C25.0.0%2CN%3Bform%2C25.0.0%2CN%3Bforum%2C25.200.0%2CN%3Bhighloadblock%2C24.100.0%2CN%3Biblock%2C25.0.100%2CN%3Blanding%2C24.800.300%2CN%3Blocation%2C25.100.0%2CN%3Bmessageservice%2C24.900.100%2CN%3Bmobileapp%2C24.200.0%2CN%3Bperfmon%2C24.200.0%2CN%3Bphotogallery%2C25.0.0%2CN%3Brest%2C25.300.100%2CN%3Bsearch%2C25.0.0%2CN%3Bsecurity%2C24.0.300%2CN%3Bseo%2C24.700.100%2CN%3Bsocialservices%2C24.200.100%2CN%3Bsubscribe%2C24.0.0%2CN%3Btranslate%2C25.0.0%2CN%3Bui%2C25.50.200%2CN%3Bvote%2C25.0.0%2CN&reqm=bitrix.sitecorporate&fullmoduleinfo=Y&SUPD_SRS=RU&SUPD_CMP=N
2026-01-28 14:08:04 -  - exec CUpdateClientPartner::GetHTTPPage
2026-01-28 14:08:04 -  - TIME GetUpdatesList(request) 0.276 sec
2026-01-28 14:08:04 -  - exec CUpdateClientPartner::ParseServerData
2026-01-28 14:08:08 -  - exec CUpdateClientPartner::GetUpdatesList
2026-01-28 14:08:08 -  - exec CUpdateClientPartner::__CollectRequestData
2026-01-28 14:08:08 -  - utf=Y&lang=ru&stable=Y&CANGZIP=Y&SUPD_DBS=MYSQL&XE=N&CLIENT_SITE=skelet&LICENSE_KEY=X&SUPD_STS=1&SUPD_URS=0&TYPENC=D&CLIENT_PHPVER=8.1.9&NGINX=Y&dbv=8.0.30&instm=main%2C25.100.500%2CY%3Bb24connector%2C24.0.100%2CN%3Bbitrix.sitecorporate%2C24.0.0%2CN%3Bbitrixcloud%2C25.0.0%2CN%3Bblog%2C24.300.100%2CN%3Bclouds%2C25.100.0%2CN%3Bfileman%2C25.0.0%2CN%3Bform%2C25.0.0%2CN%3Bforum%2C25.200.0%2CN%3Bhighloadblock%2C24.100.0%2CN%3Biblock%2C25.0.100%2CN%3Blanding%2C24.800.300%2CN%3Blocation%2C25.100.0%2CN%3Bmessageservice%2C24.900.100%2CN%3Bmobileapp%2C24.200.0%2CN%3Bperfmon%2C24.200.0%2CN%3Bphotogallery%2C25.0.0%2CN%3Brest%2C25.300.100%2CN%3Bsearch%2C25.0.0%2CN%3Bsecurity%2C24.0.300%2CN%3Bseo%2C24.700.100%2CN%3Bsocialservices%2C24.200.100%2CN%3Bsubscribe%2C24.0.0%2CN%3Btranslate%2C25.0.0%2CN%3Bui%2C25.50.200%2CN%3Bvote%2C25.0.0%2CN&reqm=bitrix.sitecorporate&fullmoduleinfo=Y&SUPD_SRS=RU&SUPD_CMP=N
2026-01-28 14:08:08 -  - exec CUpdateClientPartner::GetHTTPPage
2026-01-28 14:08:08 -  - TIME GetUpdatesList(request) 0.248 sec
2026-01-28 14:08:08 -  - exec CUpdateClientPartner::ParseServerData
2026-01-28 14:08:12 -  - exec CUpdateClientPartner::GetUpdatesList
2026-01-28 14:08:12 -  - exec CUpdateClientPartner::__CollectRequestData
2026-01-28 14:08:12 -  - utf=Y&lang=ru&stable=Y&CANGZIP=Y&SUPD_DBS=MYSQL&XE=N&CLIENT_SITE=skelet&LICENSE_KEY=X&SUPD_STS=1&SUPD_URS=0&TYPENC=D&CLIENT_PHPVER=8.1.9&NGINX=Y&dbv=8.0.30&instm=main%2C25.100.500%2CY%3Bb24connector%2C24.0.100%2CN%3Bbitrix.sitecorporate%2C24.0.0%2CN%3Bbitrixcloud%2C25.0.0%2CN%3Bblog%2C24.300.100%2CN%3Bclouds%2C25.100.0%2CN%3Bfileman%2C25.0.0%2CN%3Bform%2C25.0.0%2CN%3Bforum%2C25.200.0%2CN%3Bhighloadblock%2C24.100.0%2CN%3Biblock%2C25.0.100%2CN%3Blanding%2C24.800.300%2CN%3Blocation%2C25.100.0%2CN%3Bmessageservice%2C24.900.100%2CN%3Bmobileapp%2C24.200.0%2CN%3Bperfmon%2C24.200.0%2CN%3Bphotogallery%2C25.0.0%2CN%3Brest%2C25.300.100%2CN%3Bsearch%2C25.0.0%2CN%3Bsecurity%2C24.0.300%2CN%3Bseo%2C24.700.100%2CN%3Bsocialservices%2C24.200.100%2CN%3Bsubscribe%2C24.0.0%2CN%3Btranslate%2C25.0.0%2CN%3Bui%2C25.50.200%2CN%3Bvote%2C25.0.0%2CN&reqm=bitrix.sitecorporate&fullmoduleinfo=Y&SUPD_SRS=RU&SUPD_CMP=N
2026-01-28 14:08:12 -  - exec CUpdateClientPartner::GetHTTPPage
2026-01-28 14:08:13 -  - TIME GetUpdatesList(request) 0.251 sec
2026-01-28 14:08:13 -  - exec CUpdateClientPartner::ParseServerData
2026-01-28 14:51:51 -  - exec CUpdateClientPartner::GetUpdatesList
2026-01-28 14:51:51 -  - exec CUpdateClientPartner::__CollectRequestData
2026-01-28 14:51:51 -  - utf=Y&lang=ru&stable=Y&CANGZIP=Y&SUPD_DBS=MYSQL&XE=N&CLIENT_SITE=skelet&LICENSE_KEY=X&SUPD_STS=1&SUPD_URS=0&TYPENC=D&CLIENT_PHPVER=8.1.9&NGINX=Y&dbv=8.0.30&instm=main%2C25.100.500%2CY%3Bb24connector%2C24.0.100%2CN%3Bbitrix.sitecorporate%2C24.0.0%2CN%3Bbitrixcloud%2C25.0.0%2CN%3Bblog%2C24.300.100%2CN%3Bclouds%2C25.100.0%2CN%3Bfileman%2C25.0.0%2CN%3Bform%2C25.0.0%2CN%3Bforum%2C25.200.0%2CN%3Bhighloadblock%2C24.100.0%2CN%3Biblock%2C25.0.100%2CN%3Blanding%2C24.800.300%2CN%3Blocation%2C25.100.0%2CN%3Bmessageservice%2C24.900.100%2CN%3Bmobileapp%2C24.200.0%2CN%3Bperfmon%2C24.200.0%2CN%3Bphotogallery%2C25.0.0%2CN%3Brest%2C25.300.100%2CN%3Bsearch%2C25.0.0%2CN%3Bsecurity%2C24.0.300%2CN%3Bseo%2C24.700.100%2CN%3Bsocialservices%2C24.200.100%2CN%3Bsubscribe%2C24.0.0%2CN%3Btranslate%2C25.0.0%2CN%3Bui%2C25.50.200%2CN%3Bvote%2C25.0.0%2CN&reqm=bitrix.sitecorporate&fullmoduleinfo=Y&SUPD_SRS=RU&SUPD_CMP=N
2026-01-28 14:51:51 -  - exec CUpdateClientPartner::GetHTTPPage
2026-01-28 14:51:52 -  - TIME GetUpdatesList(request) 1.423 sec
2026-01-28 14:51:52 -  - exec CUpdateClientPartner::ParseServerData
2026-01-28 14:51:55 -  - exec CUpdateClientPartner::GetUpdatesList
2026-01-28 14:51:55 -  - exec CUpdateClientPartner::__CollectRequestData
2026-01-28 14:51:55 -  - utf=Y&lang=ru&stable=Y&CANGZIP=Y&SUPD_DBS=MYSQL&XE=N&CLIENT_SITE=skelet&LICENSE_KEY=X&SUPD_STS=1&SUPD_URS=0&TYPENC=D&CLIENT_PHPVER=8.1.9&NGINX=Y&dbv=8.0.30&instm=main%2C25.100.500%2CY%3Bb24connector%2C24.0.100%2CN%3Bbitrix.sitecorporate%2C24.0.0%2CN%3Bbitrixcloud%2C25.0.0%2CN%3Bblog%2C24.300.100%2CN%3Bclouds%2C25.100.0%2CN%3Bfileman%2C25.0.0%2CN%3Bform%2C25.0.0%2CN%3Bforum%2C25.200.0%2CN%3Bhighloadblock%2C24.100.0%2CN%3Biblock%2C25.0.100%2CN%3Blanding%2C24.800.300%2CN%3Blocation%2C25.100.0%2CN%3Bmessageservice%2C24.900.100%2CN%3Bmobileapp%2C24.200.0%2CN%3Bperfmon%2C24.200.0%2CN%3Bphotogallery%2C25.0.0%2CN%3Brest%2C25.300.100%2CN%3Bsearch%2C25.0.0%2CN%3Bsecurity%2C24.0.300%2CN%3Bseo%2C24.700.100%2CN%3Bsocialservices%2C24.200.100%2CN%3Bsubscribe%2C24.0.0%2CN%3Btranslate%2C25.0.0%2CN%3Bui%2C25.50.200%2CN%3Bvote%2C25.0.0%2CN&reqm=bitrix.sitecorporate&fullmoduleinfo=Y&SUPD_SRS=RU&SUPD_CMP=N
2026-01-28 14:51:55 -  - exec CUpdateClientPartner::GetHTTPPage
2026-01-28 14:51:56 -  - TIME GetUpdatesList(request) 1.465 sec
2026-01-28 14:51:56 -  - exec CUpdateClientPartner::ParseServerData
2026-01-28 14:51:57 -  - exec CUpdateClientPartner::GetUpdatesList
2026-01-28 14:51:57 -  - exec CUpdateClientPartner::__CollectRequestData
2026-01-28 14:51:57 -  - utf=Y&lang=ru&stable=Y&CANGZIP=Y&SUPD_DBS=MYSQL&XE=N&CLIENT_SITE=skelet&LICENSE_KEY=X&SUPD_STS=1&SUPD_URS=0&TYPENC=D&CLIENT_PHPVER=8.1.9&NGINX=Y&dbv=8.0.30&instm=main%2C25.100.500%2CY%3Bb24connector%2C24.0.100%2CN%3Bbitrix.sitecorporate%2C24.0.0%2CN%3Bbitrixcloud%2C25.0.0%2CN%3Bblog%2C24.300.100%2CN%3Bclouds%2C25.100.0%2CN%3Bfileman%2C25.0.0%2CN%3Bform%2C25.0.0%2CN%3Bforum%2C25.200.0%2CN%3Bhighloadblock%2C24.100.0%2CN%3Biblock%2C25.0.100%2CN%3Blanding%2C24.800.300%2CN%3Blocation%2C25.100.0%2CN%3Bmessageservice%2C24.900.100%2CN%3Bmobileapp%2C24.200.0%2CN%3Bperfmon%2C24.200.0%2CN%3Bphotogallery%2C25.0.0%2CN%3Brest%2C25.300.100%2CN%3Bsearch%2C25.0.0%2CN%3Bsecurity%2C24.0.300%2CN%3Bseo%2C24.700.100%2CN%3Bsocialservices%2C24.200.100%2CN%3Bsubscribe%2C24.0.0%2CN%3Btranslate%2C25.0.0%2CN%3Bui%2C25.50.200%2CN%3Bvote%2C25.0.0%2CN&reqm=bitrix.sitecorporate&fullmoduleinfo=Y&SUPD_SRS=RU&SUPD_CMP=N
2026-01-28 14:51:57 -  - exec CUpdateClientPartner::GetHTTPPage
2026-01-28 14:51:58 -  - TIME GetUpdatesList(request) 1.636 sec
2026-01-28 14:51:58 -  - exec CUpdateClientPartner::ParseServerData
2026-01-28 14:52:06 -  - exec CUpdateClientPartner::GetUpdatesList
2026-01-28 14:52:06 -  - exec CUpdateClientPartner::__CollectRequestData
2026-01-28 14:52:07 -  - utf=Y&lang=ru&stable=Y&CANGZIP=Y&SUPD_DBS=MYSQL&XE=N&CLIENT_SITE=skelet&LICENSE_KEY=X&SUPD_STS=1&SUPD_URS=0&TYPENC=D&CLIENT_PHPVER=8.1.9&NGINX=Y&dbv=8.0.30&instm=main%2C25.100.500%2CY%3Bb24connector%2C24.0.100%2CN%3Bbitrix.sitecorporate%2C24.0.0%2CN%3Bbitrixcloud%2C25.0.0%2CN%3Bblog%2C24.300.100%2CN%3Bclouds%2C25.100.0%2CN%3Bfileman%2C25.0.0%2CN%3Bform%2C25.0.0%2CN%3Bforum%2C25.200.0%2CN%3Bhighloadblock%2C24.100.0%2CN%3Biblock%2C25.0.100%2CN%3Blanding%2C24.800.300%2CN%3Blocation%2C25.100.0%2CN%3Bmessageservice%2C24.900.100%2CN%3Bmobileapp%2C24.200.0%2CN%3Bperfmon%2C24.200.0%2CN%3Bphotogallery%2C25.0.0%2CN%3Brest%2C25.300.100%2CN%3Bsearch%2C25.0.0%2CN%3Bsecurity%2C24.0.300%2CN%3Bseo%2C24.700.100%2CN%3Bsocialservices%2C24.200.100%2CN%3Bsubscribe%2C24.0.0%2CN%3Btranslate%2C25.0.0%2CN%3Bui%2C25.50.200%2CN%3Bvote%2C25.0.0%2CN&reqm=bitrix.sitecorporate&fullmoduleinfo=Y&SUPD_SRS=RU&SUPD_CMP=N
2026-01-28 14:52:07 -  - exec CUpdateClientPartner::GetHTTPPage
2026-01-28 14:52:08 -  - TIME GetUpdatesList(request) 1.472 sec
2026-01-28 14:52:08 -  - exec CUpdateClientPartner::ParseServerData
2026-01-28 14:52:08 -  - exec CUpdateClientPartner::GetUpdatesList
2026-01-28 14:52:08 -  - exec CUpdateClientPartner::__CollectRequestData
2026-01-28 14:52:08 -  - utf=Y&lang=ru&stable=Y&CANGZIP=Y&SUPD_DBS=MYSQL&XE=N&CLIENT_SITE=skelet&LICENSE_KEY=X&SUPD_STS=1&SUPD_URS=0&TYPENC=D&CLIENT_PHPVER=8.1.9&NGINX=Y&dbv=8.0.30&instm=main%2C25.100.500%2CY%3Bb24connector%2C24.0.100%2CN%3Bbitrix.sitecorporate%2C24.0.0%2CN%3Bbitrixcloud%2C25.0.0%2CN%3Bblog%2C24.300.100%2CN%3Bclouds%2C25.100.0%2CN%3Bfileman%2C25.0.0%2CN%3Bform%2C25.0.0%2CN%3Bforum%2C25.200.0%2CN%3Bhighloadblock%2C24.100.0%2CN%3Biblock%2C25.0.100%2CN%3Blanding%2C24.800.300%2CN%3Blocation%2C25.100.0%2CN%3Bmessageservice%2C24.900.100%2CN%3Bmobileapp%2C24.200.0%2CN%3Bperfmon%2C24.200.0%2CN%3Bphotogallery%2C25.0.0%2CN%3Brest%2C25.300.100%2CN%3Bsearch%2C25.0.0%2CN%3Bsecurity%2C24.0.300%2CN%3Bseo%2C24.700.100%2CN%3Bsocialservices%2C24.200.100%2CN%3Bsubscribe%2C24.0.0%2CN%3Btranslate%2C25.0.0%2CN%3Bui%2C25.50.200%2CN%3Bvote%2C25.0.0%2CN&reqm=bitrix.sitecorporate&fullmoduleinfo=Y&SUPD_SRS=RU&SUPD_CMP=N
2026-01-28 14:52:08 -  - exec CUpdateClientPartner::GetHTTPPage
2026-01-28 14:52:10 -  - TIME GetUpdatesList(request) 1.495 sec
2026-01-28 14:52:10 -  - exec CUpdateClientPartner::ParseServerData
2026-01-28 14:52:11 -  - exec CUpdateClientPartner::GetUpdatesList
2026-01-28 14:52:11 -  - exec CUpdateClientPartner::__CollectRequestData
2026-01-28 14:52:11 -  - utf=Y&lang=ru&stable=Y&CANGZIP=Y&SUPD_DBS=MYSQL&XE=N&CLIENT_SITE=skelet&LICENSE_KEY=X&SUPD_STS=1&SUPD_URS=0&TYPENC=D&CLIENT_PHPVER=8.1.9&NGINX=Y&dbv=8.0.30&instm=main%2C25.100.500%2CY%3Bb24connector%2C24.0.100%2CN%3Bbitrix.sitecorporate%2C24.0.0%2CN%3Bbitrixcloud%2C25.0.0%2CN%3Bblog%2C24.300.100%2CN%3Bclouds%2C25.100.0%2CN%3Bfileman%2C25.0.0%2CN%3Bform%2C25.0.0%2CN%3Bforum%2C25.200.0%2CN%3Bhighloadblock%2C24.100.0%2CN%3Biblock%2C25.0.100%2CN%3Blanding%2C24.800.300%2CN%3Blocation%2C25.100.0%2CN%3Bmessageservice%2C24.900.100%2CN%3Bmobileapp%2C24.200.0%2CN%3Bperfmon%2C24.200.0%2CN%3Bphotogallery%2C25.0.0%2CN%3Brest%2C25.300.100%2CN%3Bsearch%2C25.0.0%2CN%3Bsecurity%2C24.0.300%2CN%3Bseo%2C24.700.100%2CN%3Bsocialservices%2C24.200.100%2CN%3Bsubscribe%2C24.0.0%2CN%3Btranslate%2C25.0.0%2CN%3Bui%2C25.50.200%2CN%3Bvote%2C25.0.0%2CN&reqm=bitrix.sitecorporate&fullmoduleinfo=Y&SUPD_SRS=RU&SUPD_CMP=N
2026-01-28 14:52:11 -  - exec CUpdateClientPartner::GetHTTPPage
2026-01-28 14:52:12 -  - TIME GetUpdatesList(request) 1.68 sec
2026-01-28 14:52:12 -  - exec CUpdateClientPartner::ParseServerData
2026-01-28 14:52:26 -  - exec CUpdateClientPartner::GetUpdatesList
2026-01-28 14:52:26 -  - exec CUpdateClientPartner::__CollectRequestData
2026-01-28 14:52:26 -  - utf=Y&lang=ru&stable=Y&CANGZIP=Y&SUPD_DBS=MYSQL&XE=N&CLIENT_SITE=skelet&LICENSE_KEY=X&SUPD_STS=1&SUPD_URS=0&TYPENC=D&CLIENT_PHPVER=8.1.9&NGINX=Y&dbv=8.0.30&instm=main%2C25.100.500%2CY%3Bb24connector%2C24.0.100%2CN%3Bbitrix.sitecorporate%2C24.0.0%2CN%3Bbitrixcloud%2C25.0.0%2CN%3Bblog%2C24.300.100%2CN%3Bclouds%2C25.100.0%2CN%3Bfileman%2C25.0.0%2CN%3Bform%2C25.0.0%2CN%3Bforum%2C25.200.0%2CN%3Bhighloadblock%2C24.100.0%2CN%3Biblock%2C25.0.100%2CN%3Blanding%2C24.800.300%2CN%3Blocation%2C25.100.0%2CN%3Bmessageservice%2C24.900.100%2CN%3Bmobileapp%2C24.200.0%2CN%3Bperfmon%2C24.200.0%2CN%3Bphotogallery%2C25.0.0%2CN%3Brest%2C25.300.100%2CN%3Bsearch%2C25.0.0%2CN%3Bsecurity%2C24.0.300%2CN%3Bseo%2C24.700.100%2CN%3Bsocialservices%2C24.200.100%2CN%3Bsubscribe%2C24.0.0%2CN%3Btranslate%2C25.0.0%2CN%3Bui%2C25.50.200%2CN%3Bvote%2C25.0.0%2CN&reqm=bitrix.sitecorporate&fullmoduleinfo=Y&SUPD_SRS=RU&SUPD_CMP=N
2026-01-28 14:52:26 -  - exec CUpdateClientPartner::GetHTTPPage
2026-01-28 14:52:27 -  - TIME GetUpdatesList(request) 1.453 sec
2026-01-28 14:52:27 -  - exec CUpdateClientPartner::ParseServerData
2026-01-28 14:52:32 -  - exec CUpdateClientPartner::GetUpdatesList
2026-01-28 14:52:32 -  - exec CUpdateClientPartner::__CollectRequestData
2026-01-28 14:52:32 -  - utf=Y&lang=ru&stable=Y&CANGZIP=Y&SUPD_DBS=MYSQL&XE=N&CLIENT_SITE=skelet&LICENSE_KEY=X&SUPD_STS=1&SUPD_URS=0&TYPENC=D&CLIENT_PHPVER=8.1.9&NGINX=Y&dbv=8.0.30&instm=main%2C25.100.500%2CY%3Bb24connector%2C24.0.100%2CN%3Bbitrix.sitecorporate%2C24.0.0%2CN%3Bbitrixcloud%2C25.0.0%2CN%3Bblog%2C24.300.100%2CN%3Bclouds%2C25.100.0%2CN%3Bfileman%2C25.0.0%2CN%3Bform%2C25.0.0%2CN%3Bforum%2C25.200.0%2CN%3Bhighloadblock%2C24.100.0%2CN%3Biblock%2C25.0.100%2CN%3Blanding%2C24.800.300%2CN%3Blocation%2C25.100.0%2CN%3Bmessageservice%2C24.900.100%2CN%3Bmobileapp%2C24.200.0%2CN%3Bperfmon%2C24.200.0%2CN%3Bphotogallery%2C25.0.0%2CN%3Brest%2C25.300.100%2CN%3Bsearch%2C25.0.0%2CN%3Bsecurity%2C24.0.300%2CN%3Bseo%2C24.700.100%2CN%3Bsocialservices%2C24.200.100%2CN%3Bsubscribe%2C24.0.0%2CN%3Btranslate%2C25.0.0%2CN%3Bui%2C25.50.200%2CN%3Bvote%2C25.0.0%2CN&reqm=bitrix.sitecorporate&fullmoduleinfo=Y&SUPD_SRS=RU&SUPD_CMP=N
2026-01-28 14:52:32 -  - exec CUpdateClientPartner::GetHTTPPage
2026-01-28 14:52:34 -  - TIME GetUpdatesList(request) 1.446 sec
2026-01-28 14:52:34 -  - exec CUpdateClientPartner::ParseServerData
2026-01-28 14:52:34 -  - exec CUpdateClientPartner::GetUpdatesList
2026-01-28 14:52:34 -  - exec CUpdateClientPartner::__CollectRequestData
2026-01-28 14:52:34 -  - utf=Y&lang=ru&stable=Y&CANGZIP=Y&SUPD_DBS=MYSQL&XE=N&CLIENT_SITE=skelet&LICENSE_KEY=X&SUPD_STS=1&SUPD_URS=0&TYPENC=D&CLIENT_PHPVER=8.1.9&NGINX=Y&dbv=8.0.30&instm=main%2C25.100.500%2CY%3Bb24connector%2C24.0.100%2CN%3Bbitrix.sitecorporate%2C24.0.0%2CN%3Bbitrixcloud%2C25.0.0%2CN%3Bblog%2C24.300.100%2CN%3Bclouds%2C25.100.0%2CN%3Bfileman%2C25.0.0%2CN%3Bform%2C25.0.0%2CN%3Bforum%2C25.200.0%2CN%3Bhighloadblock%2C24.100.0%2CN%3Biblock%2C25.0.100%2CN%3Blanding%2C24.800.300%2CN%3Blocation%2C25.100.0%2CN%3Bmessageservice%2C24.900.100%2CN%3Bmobileapp%2C24.200.0%2CN%3Bperfmon%2C24.200.0%2CN%3Bphotogallery%2C25.0.0%2CN%3Brest%2C25.300.100%2CN%3Bsearch%2C25.0.0%2CN%3Bsecurity%2C24.0.300%2CN%3Bseo%2C24.700.100%2CN%3Bsocialservices%2C24.200.100%2CN%3Bsubscribe%2C24.0.0%2CN%3Btranslate%2C25.0.0%2CN%3Bui%2C25.50.200%2CN%3Bvote%2C25.0.0%2CN&reqm=bitrix.sitecorporate&fullmoduleinfo=Y&SUPD_SRS=RU&SUPD_CMP=N
2026-01-28 14:52:34 -  - exec CUpdateClientPartner::GetHTTPPage
2026-01-28 14:52:35 -  - TIME GetUpdatesList(request) 1.441 sec
2026-01-28 14:52:35 -  - exec CUpdateClientPartner::ParseServerData
2026-01-29 14:06:20 -  - exec CUpdateClientPartner::__CollectRequestData
2026-01-29 14:06:20 -  - exec CUpdateClientPartner::GetHTTPPage
2026-01-29 14:06:21 -  - exec CUpdateClientPartner::ParseServerData
2026-01-29 14:06:21 -  - exec CUpdateClientPartner::GetUpdatesList
2026-01-29 14:06:21 -  - exec CUpdateClientPartner::__CollectRequestData
2026-01-29 14:06:22 -  - utf=Y&lang=ru&stable=Y&CANGZIP=Y&SUPD_DBS=MYSQL&XE=N&CLIENT_SITE=skelet&LICENSE_KEY=X&SUPD_STS=1&SUPD_URS=0&TYPENC=D&CLIENT_PHPVER=8.1.9&NGINX=Y&dbv=8.0.30&instm=main%2C25.100.500%2CY%3Bb24connector%2C24.0.100%2CN%3Bbitrix.sitecorporate%2C24.0.0%2CN%3Bbitrixcloud%2C25.0.0%2CN%3Bblog%2C24.300.100%2CN%3Bclouds%2C25.100.0%2CN%3Bfileman%2C25.0.0%2CN%3Bform%2C25.0.0%2CN%3Bforum%2C25.200.0%2CN%3Bhighloadblock%2C24.100.0%2CN%3Biblock%2C25.0.100%2CN%3Blanding%2C24.800.300%2CN%3Blocation%2C25.100.0%2CN%3Bmessageservice%2C24.900.100%2CN%3Bmobileapp%2C24.200.0%2CN%3Bperfmon%2C24.200.0%2CN%3Bphotogallery%2C25.0.0%2CN%3Brest%2C25.300.100%2CN%3Bsearch%2C25.0.0%2CN%3Bsecurity%2C24.0.300%2CN%3Bseo%2C24.700.100%2CN%3Bsocialservices%2C24.200.100%2CN%3Bsubscribe%2C24.0.0%2CN%3Btranslate%2C25.0.0%2CN%3Bui%2C25.50.200%2CN%3Bvote%2C25.0.0%2CN&reqm=bitrix.sitecorporate&fullmoduleinfo=Y&SUPD_SRS=RU&SUPD_CMP=N
2026-01-29 14:06:22 -  - exec CUpdateClientPartner::GetHTTPPage
2026-01-29 14:06:23 -  - TIME GetUpdatesList(request) 1.434 sec
2026-01-29 14:06:23 -  - exec CUpdateClientPartner::ParseServerData
2026-01-29 14:06:23 -  - exec CUpdateClientPartner::__CollectRequestData
2026-01-29 14:06:23 -  - exec CUpdateClientPartner::GetHTTPPage
2026-01-29 14:06:24 -  - exec CUpdateClientPartner::ParseServerData
2026-01-30 16:25:52 -  - exec CUpdateClientPartner::__CollectRequestData
2026-01-30 16:25:52 -  - exec CUpdateClientPartner::GetHTTPPage
2026-01-30 16:25:52 -  - exec CUpdateClientPartner::ParseServerData
2026-01-30 16:25:52 -  - exec CUpdateClientPartner::GetUpdatesList
2026-01-30 16:25:52 -  - exec CUpdateClientPartner::__CollectRequestData
2026-01-30 16:25:52 -  - utf=Y&lang=ru&stable=Y&CANGZIP=Y&SUPD_DBS=MYSQL&XE=N&CLIENT_SITE=skelet&LICENSE_KEY=X&SUPD_STS=1&SUPD_URS=0&TYPENC=D&CLIENT_PHPVER=8.1.9&NGINX=Y&dbv=8.0.30&instm=main%2C25.100.500%2CY%3Bb24connector%2C24.0.100%2CN%3Bbitrix.sitecorporate%2C24.0.0%2CN%3Bbitrixcloud%2C25.0.0%2CN%3Bblog%2C24.300.100%2CN%3Bclouds%2C25.100.0%2CN%3Bfileman%2C25.0.0%2CN%3Bform%2C25.0.0%2CN%3Bforum%2C25.200.0%2CN%3Bhighloadblock%2C24.100.0%2CN%3Biblock%2C25.0.100%2CN%3Blanding%2C24.800.300%2CN%3Blocation%2C25.100.0%2CN%3Bmessageservice%2C24.900.100%2CN%3Bmobileapp%2C24.200.0%2CN%3Bperfmon%2C24.200.0%2CN%3Bphotogallery%2C25.0.0%2CN%3Brest%2C25.300.100%2CN%3Bsearch%2C25.0.0%2CN%3Bsecurity%2C24.0.300%2CN%3Bseo%2C24.700.100%2CN%3Bsocialservices%2C24.200.100%2CN%3Bsubscribe%2C24.0.0%2CN%3Btranslate%2C25.0.0%2CN%3Bui%2C25.50.200%2CN%3Bvote%2C25.0.0%2CN&reqm=bitrix.sitecorporate&fullmoduleinfo=Y&SUPD_SRS=RU&SUPD_CMP=N
2026-01-30 16:25:52 -  - exec CUpdateClientPartner::GetHTTPPage
2026-01-30 16:25:52 -  - TIME GetUpdatesList(request) 0.271 sec
2026-01-30 16:25:52 -  - exec CUpdateClientPartner::ParseServerData
2026-01-30 16:25:52 -  - exec CUpdateClientPartner::__CollectRequestData
2026-01-30 16:25:52 -  - exec CUpdateClientPartner::GetHTTPPage
2026-01-30 16:25:52 -  - exec CUpdateClientPartner::ParseServerData
2026-02-02 09:35:29 -  - exec CUpdateClientPartner::__CollectRequestData
2026-02-02 09:35:29 -  - exec CUpdateClientPartner::GetHTTPPage
2026-02-02 09:35:29 -  - exec CUpdateClientPartner::ParseServerData
2026-02-02 09:35:29 -  - exec CUpdateClientPartner::GetUpdatesList
2026-02-02 09:35:29 -  - exec CUpdateClientPartner::__CollectRequestData
2026-02-02 09:35:29 -  - utf=Y&lang=ru&stable=Y&CANGZIP=Y&SUPD_DBS=MYSQL&XE=N&CLIENT_SITE=skelet&LICENSE_KEY=X&SUPD_STS=1&SUPD_URS=0&TYPENC=D&CLIENT_PHPVER=8.1.9&NGINX=Y&dbv=8.0.30&instm=main%2C25.100.500%2CY%3Bb24connector%2C24.0.100%2CN%3Bbitrix.sitecorporate%2C24.0.0%2CN%3Bbitrixcloud%2C25.0.0%2CN%3Bblog%2C24.300.100%2CN%3Bclouds%2C25.100.0%2CN%3Bfileman%2C25.0.0%2CN%3Bform%2C25.0.0%2CN%3Bforum%2C25.200.0%2CN%3Bhighloadblock%2C24.100.0%2CN%3Biblock%2C25.0.100%2CN%3Blanding%2C24.800.300%2CN%3Blocation%2C25.100.0%2CN%3Bmessageservice%2C24.900.100%2CN%3Bmobileapp%2C24.200.0%2CN%3Bperfmon%2C24.200.0%2CN%3Bphotogallery%2C25.0.0%2CN%3Brest%2C25.300.100%2CN%3Bsearch%2C25.0.0%2CN%3Bsecurity%2C24.0.300%2CN%3Bseo%2C24.700.100%2CN%3Bsocialservices%2C24.200.100%2CN%3Bsubscribe%2C24.0.0%2CN%3Btranslate%2C25.0.0%2CN%3Bui%2C25.50.200%2CN%3Bvote%2C25.0.0%2CN&reqm=bitrix.sitecorporate&fullmoduleinfo=Y&SUPD_SRS=RU&SUPD_CMP=N
2026-02-02 09:35:29 -  - exec CUpdateClientPartner::GetHTTPPage
2026-02-02 09:35:30 -  - TIME GetUpdatesList(request) 0.298 sec
2026-02-02 09:35:30 -  - exec CUpdateClientPartner::ParseServerData
2026-02-02 09:35:30 -  - exec CUpdateClientPartner::__CollectRequestData
2026-02-02 09:35:30 -  - exec CUpdateClientPartner::GetHTTPPage
2026-02-02 09:35:30 -  - exec CUpdateClientPartner::ParseServerData
